<?xml version="1.0" encoding="UTF-8"?>
<testsuite xmlns:xsi="http://www.w3.org/2001/XMLSchema-instance" xsi:noNamespaceSchemaLocation="https://maven.apache.org/surefire/maven-surefire-plugin/xsd/surefire-test-report-3.0.xsd" version="3.0" name="testRunner.TestRun" time="291.676" tests="3" errors="0" skipped="0" failures="0">
  <properties>
    <property name="sun.desktop" value="gnome"/>
    <property name="awt.toolkit" value="sun.awt.X11.XToolkit"/>
    <property name="file.encoding.pkg" value="sun.io"/>
    <property name="java.specification.version" value="1.8"/>
    <property name="sun.cpu.isalist" value=""/>
    <property name="sun.jnu.encoding" value="UTF-8"/>
    <property name="java.class.path" value="/home/manoj/IdeaProjects/HCLSDET/target/test-classes:/home/manoj/IdeaProjects/HCLSDET/target/classes:/home/manoj/.m2/repository/io/cucumber/cucumber-core/6.11.0/cucumber-core-6.11.0.jar:/home/manoj/.m2/repository/io/cucumber/cucumber-gherkin-messages/6.11.0/cucumber-gherkin-messages-6.11.0.jar:/home/manoj/.m2/repository/io/cucumber/messages/15.0.0/messages-15.0.0.jar:/home/manoj/.m2/repository/io/cucumber/tag-expressions/3.0.1/tag-expressions-3.0.1.jar:/home/manoj/.m2/repository/io/cucumber/cucumber-expressions/10.3.0/cucumber-expressions-10.3.0.jar:/home/manoj/.m2/repository/io/cucumber/datatable/3.5.0/datatable-3.5.0.jar:/home/manoj/.m2/repository/io/cucumber/cucumber-plugin/6.11.0/cucumber-plugin-6.11.0.jar:/home/manoj/.m2/repository/io/cucumber/docstring/6.11.0/docstring-6.11.0.jar:/home/manoj/.m2/repository/io/cucumber/html-formatter/13.0.0/html-formatter-13.0.0.jar:/home/manoj/.m2/repository/io/cucumber/create-meta/4.0.0/create-meta-4.0.0.jar:/home/manoj/.m2/repository/org/apiguardian/apiguardian-api/1.1.2/apiguardian-api-1.1.2.jar:/home/manoj/.m2/repository/io/cucumber/cucumber-html/0.2.7/cucumber-html-0.2.7.jar:/home/manoj/.m2/repository/net/sourceforge/cobertura/cobertura/2.1.1/cobertura-2.1.1.jar:/home/manoj/.m2/repository/org/ow2/asm/asm/5.0.1/asm-5.0.1.jar:/home/manoj/.m2/repository/org/ow2/asm/asm-tree/5.0.1/asm-tree-5.0.1.jar:/home/manoj/.m2/repository/org/ow2/asm/asm-commons/5.0.1/asm-commons-5.0.1.jar:/home/manoj/.m2/repository/org/ow2/asm/asm-util/5.0.1/asm-util-5.0.1.jar:/home/manoj/.m2/repository/org/ow2/asm/asm-analysis/5.0.1/asm-analysis-5.0.1.jar:/home/manoj/.m2/repository/oro/oro/2.0.8/oro-2.0.8.jar:/home/manoj/.m2/repository/jaxen/jaxen/1.1.4/jaxen-1.1.4.jar:/home/manoj/.m2/repository/org/apache/ant/ant/1.8.3/ant-1.8.3.jar:/home/manoj/.m2/repository/org/apache/ant/ant-launcher/1.8.3/ant-launcher-1.8.3.jar:/home/manoj/.m2/repository/org/apache/ant/ant-junit/1.8.3/ant-junit-1.8.3.jar:/home/manoj/.m2/repository/org/mortbay/jetty/servlet-api-2.5/6.1.14/servlet-api-2.5-6.1.14.jar:/home/manoj/.m2/repository/org/mortbay/jetty/jetty/6.1.14/jetty-6.1.14.jar:/home/manoj/.m2/repository/org/mortbay/jetty/jetty-util/6.1.14/jetty-util-6.1.14.jar:/usr/lib/jvm/java-8-openjdk-amd64/jre/../lib/tools.jar:/home/manoj/.m2/repository/org/slf4j/slf4j-api/1.7.5/slf4j-api-1.7.5.jar:/home/manoj/.m2/repository/ch/qos/logback/logback-classic/1.0.13/logback-classic-1.0.13.jar:/home/manoj/.m2/repository/ch/qos/logback/logback-core/1.0.13/logback-core-1.0.13.jar:/home/manoj/.m2/repository/org/apache/commons/commons-lang3/3.3.2/commons-lang3-3.3.2.jar:/home/manoj/.m2/repository/io/cucumber/cucumber-junit/6.11.0/cucumber-junit-6.11.0.jar:/home/manoj/.m2/repository/io/cucumber/cucumber-jvm-deps/1.0.6/cucumber-jvm-deps-1.0.6.jar:/home/manoj/.m2/repository/net/masterthought/cucumber-reporting/5.7.1/cucumber-reporting-5.7.1.jar:/home/manoj/.m2/repository/com/fasterxml/jackson/core/jackson-databind/2.13.2.2/jackson-databind-2.13.2.2.jar:/home/manoj/.m2/repository/com/fasterxml/jackson/core/jackson-annotations/2.13.2/jackson-annotations-2.13.2.jar:/home/manoj/.m2/repository/com/fasterxml/jackson/core/jackson-core/2.13.2/jackson-core-2.13.2.jar:/home/manoj/.m2/repository/com/fasterxml/jackson/datatype/jackson-datatype-jsr310/2.13.2/jackson-datatype-jsr310-2.13.2.jar:/home/manoj/.m2/repository/org/apache/velocity/velocity-engine-core/2.3/velocity-engine-core-2.3.jar:/home/manoj/.m2/repository/commons-collections/commons-collections/3.2.2/commons-collections-3.2.2.jar:/home/manoj/.m2/repository/joda-time/joda-time/2.10.14/joda-time-2.10.14.jar:/home/manoj/.m2/repository/commons-io/commons-io/2.7/commons-io-2.7.jar:/home/manoj/.m2/repository/org/codehaus/plexus/plexus-utils/3.4.2/plexus-utils-3.4.2.jar:/home/manoj/.m2/repository/org/jsoup/jsoup/1.15.1/jsoup-1.15.1.jar:/home/manoj/.m2/repository/com/google/guava/guava/31.1-jre/guava-31.1-jre.jar:/home/manoj/.m2/repository/com/google/guava/failureaccess/1.0.1/failureaccess-1.0.1.jar:/home/manoj/.m2/repository/com/google/guava/listenablefuture/9999.0-empty-to-avoid-conflict-with-guava/listenablefuture-9999.0-empty-to-avoid-conflict-with-guava.jar:/home/manoj/.m2/repository/com/google/code/findbugs/jsr305/3.0.2/jsr305-3.0.2.jar:/home/manoj/.m2/repository/org/checkerframework/checker-qual/3.12.0/checker-qual-3.12.0.jar:/home/manoj/.m2/repository/com/google/errorprone/error_prone_annotations/2.11.0/error_prone_annotations-2.11.0.jar:/home/manoj/.m2/repository/com/google/j2objc/j2objc-annotations/1.3/j2objc-annotations-1.3.jar:/home/manoj/.m2/repository/com/googlecode/owasp-java-html-sanitizer/owasp-java-html-sanitizer/20211018.2/owasp-java-html-sanitizer-20211018.2.jar:/home/manoj/.m2/repository/commons-configuration/commons-configuration/1.10/commons-configuration-1.10.jar:/home/manoj/.m2/repository/commons-lang/commons-lang/2.6/commons-lang-2.6.jar:/home/manoj/.m2/repository/commons-logging/commons-logging/1.1.1/commons-logging-1.1.1.jar:/home/manoj/.m2/repository/io/cucumber/cucumber-java/6.11.0/cucumber-java-6.11.0.jar:/home/manoj/.m2/repository/org/hamcrest/hamcrest-core/2.2/hamcrest-core-2.2.jar:/home/manoj/.m2/repository/org/hamcrest/hamcrest/2.2/hamcrest-2.2.jar:/home/manoj/.m2/repository/io/cucumber/cucumber-gherkin/6.11.0/cucumber-gherkin-6.11.0.jar:/home/manoj/.m2/repository/org/seleniumhq/selenium/selenium-java/3.141.59/selenium-java-3.141.59.jar:/home/manoj/.m2/repository/org/seleniumhq/selenium/selenium-api/3.141.59/selenium-api-3.141.59.jar:/home/manoj/.m2/repository/org/seleniumhq/selenium/selenium-chrome-driver/3.141.59/selenium-chrome-driver-3.141.59.jar:/home/manoj/.m2/repository/org/seleniumhq/selenium/selenium-edge-driver/3.141.59/selenium-edge-driver-3.141.59.jar:/home/manoj/.m2/repository/org/seleniumhq/selenium/selenium-firefox-driver/3.141.59/selenium-firefox-driver-3.141.59.jar:/home/manoj/.m2/repository/org/seleniumhq/selenium/selenium-ie-driver/3.141.59/selenium-ie-driver-3.141.59.jar:/home/manoj/.m2/repository/org/seleniumhq/selenium/selenium-opera-driver/3.141.59/selenium-opera-driver-3.141.59.jar:/home/manoj/.m2/repository/org/seleniumhq/selenium/selenium-remote-driver/3.141.59/selenium-remote-driver-3.141.59.jar:/home/manoj/.m2/repository/org/seleniumhq/selenium/selenium-safari-driver/3.141.59/selenium-safari-driver-3.141.59.jar:/home/manoj/.m2/repository/org/seleniumhq/selenium/selenium-support/3.141.59/selenium-support-3.141.59.jar:/home/manoj/.m2/repository/net/bytebuddy/byte-buddy/1.8.15/byte-buddy-1.8.15.jar:/home/manoj/.m2/repository/org/apache/commons/commons-exec/1.3/commons-exec-1.3.jar:/home/manoj/.m2/repository/com/squareup/okhttp3/okhttp/3.11.0/okhttp-3.11.0.jar:/home/manoj/.m2/repository/com/squareup/okio/okio/1.14.0/okio-1.14.0.jar:/home/manoj/.m2/repository/junit/junit/4.13.2/junit-4.13.2.jar:/home/manoj/.m2/repository/io/github/bonigarcia/webdrivermanager/4.2.2/webdrivermanager-4.2.2.jar:/home/manoj/.m2/repository/com/google/code/gson/gson/2.8.6/gson-2.8.6.jar:/home/manoj/.m2/repository/org/apache/httpcomponents/client5/httpclient5/5.0.1/httpclient5-5.0.1.jar:/home/manoj/.m2/repository/org/apache/httpcomponents/core5/httpcore5/5.0.1/httpcore5-5.0.1.jar:/home/manoj/.m2/repository/org/apache/httpcomponents/core5/httpcore5-h2/5.0.1/httpcore5-h2-5.0.1.jar:/home/manoj/.m2/repository/org/rauschig/jarchivelib/1.1.0/jarchivelib-1.1.0.jar:/home/manoj/.m2/repository/tech/grasshopper/extentreports-cucumber6-adapter/2.11.1/extentreports-cucumber6-adapter-2.11.1.jar:/home/manoj/.m2/repository/com/aventstack/extentreports/5.0.9/extentreports-5.0.9.jar:/home/manoj/.m2/repository/io/reactivex/rxjava3/rxjava/3.0.4/rxjava-3.0.4.jar:/home/manoj/.m2/repository/org/reactivestreams/reactive-streams/1.0.3/reactive-streams-1.0.3.jar:/home/manoj/.m2/repository/org/freemarker/freemarker/2.3.30/freemarker-2.3.30.jar:/home/manoj/.m2/repository/org/projectlombok/lombok/1.18.12/lombok-1.18.12.jar:/home/manoj/.m2/repository/tech/grasshopper/extent-pdf-report/2.5.1/extent-pdf-report-2.5.1.jar:/home/manoj/.m2/repository/tech/grasshopper/cucumber-pdf-report/2.8.1/cucumber-pdf-report-2.8.1.jar:/home/manoj/.m2/repository/org/apache/pdfbox/pdfbox/2.0.26/pdfbox-2.0.26.jar:/home/manoj/.m2/repository/org/apache/pdfbox/fontbox/2.0.26/fontbox-2.0.26.jar:/home/manoj/.m2/repository/org/knowm/xchart/xchart/3.8.0/xchart-3.8.0.jar:/home/manoj/.m2/repository/de/erichseifert/vectorgraphics2d/VectorGraphics2D/0.13/VectorGraphics2D-0.13.jar:/home/manoj/.m2/repository/de/rototor/pdfbox/graphics2d/0.30/graphics2d-0.30.jar:/home/manoj/.m2/repository/com/madgag/animated-gif-lib/1.4/animated-gif-lib-1.4.jar:/home/manoj/.m2/repository/org/yaml/snakeyaml/1.28/snakeyaml-1.28.jar:/home/manoj/.m2/repository/tech/grasshopper/table-layout/1.5.1/table-layout-1.5.1.jar:/home/manoj/.m2/repository/tech/grasshopper/rest-assured-cucumber-pdf-report/1.4.1/rest-assured-cucumber-pdf-report-1.4.1.jar:/home/manoj/.m2/repository/com/aventstack/klov-reporter/5.0.9/klov-reporter-5.0.9.jar:/home/manoj/.m2/repository/org/mongodb/bson/3.6.4/bson-3.6.4.jar:/home/manoj/.m2/repository/org/apache/httpcomponents/httpclient/4.5.13/httpclient-4.5.13.jar:/home/manoj/.m2/repository/org/apache/httpcomponents/httpcore/4.4.13/httpcore-4.4.13.jar:/home/manoj/.m2/repository/org/apache/httpcomponents/httpmime/4.5.13/httpmime-4.5.13.jar:/home/manoj/.m2/repository/tech/grasshopper/htmlextentreporter/1.0.1/htmlextentreporter-1.0.1.jar:/home/manoj/.m2/repository/org/mongodb/mongodb-driver/3.3.0/mongodb-driver-3.3.0.jar:/home/manoj/.m2/repository/org/mongodb/mongodb-driver-core/3.3.0/mongodb-driver-core-3.3.0.jar:/home/manoj/.m2/repository/org/apache/poi/poi/5.2.2/poi-5.2.2.jar:/home/manoj/.m2/repository/commons-codec/commons-codec/1.15/commons-codec-1.15.jar:/home/manoj/.m2/repository/org/apache/commons/commons-collections4/4.4/commons-collections4-4.4.jar:/home/manoj/.m2/repository/org/apache/commons/commons-math3/3.6.1/commons-math3-3.6.1.jar:/home/manoj/.m2/repository/com/zaxxer/SparseBitSet/1.2/SparseBitSet-1.2.jar:/home/manoj/.m2/repository/org/apache/logging/log4j/log4j-api/2.17.2/log4j-api-2.17.2.jar:/home/manoj/.m2/repository/org/apache/poi/poi-ooxml/5.2.2/poi-ooxml-5.2.2.jar:/home/manoj/.m2/repository/org/apache/poi/poi-ooxml-lite/5.2.2/poi-ooxml-lite-5.2.2.jar:/home/manoj/.m2/repository/org/apache/xmlbeans/xmlbeans/5.0.3/xmlbeans-5.0.3.jar:/home/manoj/.m2/repository/xml-apis/xml-apis/1.4.01/xml-apis-1.4.01.jar:/home/manoj/.m2/repository/org/apache/commons/commons-compress/1.21/commons-compress-1.21.jar:/home/manoj/.m2/repository/com/github/virtuald/curvesapi/1.07/curvesapi-1.07.jar:"/>
    <property name="java.vm.vendor" value="Private Build"/>
    <property name="sun.arch.data.model" value="64"/>
    <property name="java.vendor.url" value="http://java.oracle.com/"/>
    <property name="user.timezone" value=""/>
    <property name="java.vm.specification.version" value="1.8"/>
    <property name="os.name" value="Linux"/>
    <property name="user.country" value="IN"/>
    <property name="sun.java.launcher" value="SUN_STANDARD"/>
    <property name="sun.boot.library.path" value="/usr/lib/jvm/java-8-openjdk-amd64/jre/lib/amd64"/>
    <property name="sun.java.command" value="/home/manoj/IdeaProjects/HCLSDET/target/surefire/surefirebooter2532009463244765813.jar /home/manoj/IdeaProjects/HCLSDET/target/surefire 2022-06-09T14-59-51_198-jvmRun1 surefire2333098361365395049tmp surefire_0355232462938907770tmp"/>
    <property name="surefire.test.class.path" value="/home/manoj/IdeaProjects/HCLSDET/target/test-classes:/home/manoj/IdeaProjects/HCLSDET/target/classes:/home/manoj/.m2/repository/io/cucumber/cucumber-core/6.11.0/cucumber-core-6.11.0.jar:/home/manoj/.m2/repository/io/cucumber/cucumber-gherkin-messages/6.11.0/cucumber-gherkin-messages-6.11.0.jar:/home/manoj/.m2/repository/io/cucumber/messages/15.0.0/messages-15.0.0.jar:/home/manoj/.m2/repository/io/cucumber/tag-expressions/3.0.1/tag-expressions-3.0.1.jar:/home/manoj/.m2/repository/io/cucumber/cucumber-expressions/10.3.0/cucumber-expressions-10.3.0.jar:/home/manoj/.m2/repository/io/cucumber/datatable/3.5.0/datatable-3.5.0.jar:/home/manoj/.m2/repository/io/cucumber/cucumber-plugin/6.11.0/cucumber-plugin-6.11.0.jar:/home/manoj/.m2/repository/io/cucumber/docstring/6.11.0/docstring-6.11.0.jar:/home/manoj/.m2/repository/io/cucumber/html-formatter/13.0.0/html-formatter-13.0.0.jar:/home/manoj/.m2/repository/io/cucumber/create-meta/4.0.0/create-meta-4.0.0.jar:/home/manoj/.m2/repository/org/apiguardian/apiguardian-api/1.1.2/apiguardian-api-1.1.2.jar:/home/manoj/.m2/repository/io/cucumber/cucumber-html/0.2.7/cucumber-html-0.2.7.jar:/home/manoj/.m2/repository/net/sourceforge/cobertura/cobertura/2.1.1/cobertura-2.1.1.jar:/home/manoj/.m2/repository/org/ow2/asm/asm/5.0.1/asm-5.0.1.jar:/home/manoj/.m2/repository/org/ow2/asm/asm-tree/5.0.1/asm-tree-5.0.1.jar:/home/manoj/.m2/repository/org/ow2/asm/asm-commons/5.0.1/asm-commons-5.0.1.jar:/home/manoj/.m2/repository/org/ow2/asm/asm-util/5.0.1/asm-util-5.0.1.jar:/home/manoj/.m2/repository/org/ow2/asm/asm-analysis/5.0.1/asm-analysis-5.0.1.jar:/home/manoj/.m2/repository/oro/oro/2.0.8/oro-2.0.8.jar:/home/manoj/.m2/repository/jaxen/jaxen/1.1.4/jaxen-1.1.4.jar:/home/manoj/.m2/repository/org/apache/ant/ant/1.8.3/ant-1.8.3.jar:/home/manoj/.m2/repository/org/apache/ant/ant-launcher/1.8.3/ant-launcher-1.8.3.jar:/home/manoj/.m2/repository/org/apache/ant/ant-junit/1.8.3/ant-junit-1.8.3.jar:/home/manoj/.m2/repository/org/mortbay/jetty/servlet-api-2.5/6.1.14/servlet-api-2.5-6.1.14.jar:/home/manoj/.m2/repository/org/mortbay/jetty/jetty/6.1.14/jetty-6.1.14.jar:/home/manoj/.m2/repository/org/mortbay/jetty/jetty-util/6.1.14/jetty-util-6.1.14.jar:/usr/lib/jvm/java-8-openjdk-amd64/jre/../lib/tools.jar:/home/manoj/.m2/repository/org/slf4j/slf4j-api/1.7.5/slf4j-api-1.7.5.jar:/home/manoj/.m2/repository/ch/qos/logback/logback-classic/1.0.13/logback-classic-1.0.13.jar:/home/manoj/.m2/repository/ch/qos/logback/logback-core/1.0.13/logback-core-1.0.13.jar:/home/manoj/.m2/repository/org/apache/commons/commons-lang3/3.3.2/commons-lang3-3.3.2.jar:/home/manoj/.m2/repository/io/cucumber/cucumber-junit/6.11.0/cucumber-junit-6.11.0.jar:/home/manoj/.m2/repository/io/cucumber/cucumber-jvm-deps/1.0.6/cucumber-jvm-deps-1.0.6.jar:/home/manoj/.m2/repository/net/masterthought/cucumber-reporting/5.7.1/cucumber-reporting-5.7.1.jar:/home/manoj/.m2/repository/com/fasterxml/jackson/core/jackson-databind/2.13.2.2/jackson-databind-2.13.2.2.jar:/home/manoj/.m2/repository/com/fasterxml/jackson/core/jackson-annotations/2.13.2/jackson-annotations-2.13.2.jar:/home/manoj/.m2/repository/com/fasterxml/jackson/core/jackson-core/2.13.2/jackson-core-2.13.2.jar:/home/manoj/.m2/repository/com/fasterxml/jackson/datatype/jackson-datatype-jsr310/2.13.2/jackson-datatype-jsr310-2.13.2.jar:/home/manoj/.m2/repository/org/apache/velocity/velocity-engine-core/2.3/velocity-engine-core-2.3.jar:/home/manoj/.m2/repository/commons-collections/commons-collections/3.2.2/commons-collections-3.2.2.jar:/home/manoj/.m2/repository/joda-time/joda-time/2.10.14/joda-time-2.10.14.jar:/home/manoj/.m2/repository/commons-io/commons-io/2.7/commons-io-2.7.jar:/home/manoj/.m2/repository/org/codehaus/plexus/plexus-utils/3.4.2/plexus-utils-3.4.2.jar:/home/manoj/.m2/repository/org/jsoup/jsoup/1.15.1/jsoup-1.15.1.jar:/home/manoj/.m2/repository/com/google/guava/guava/31.1-jre/guava-31.1-jre.jar:/home/manoj/.m2/repository/com/google/guava/failureaccess/1.0.1/failureaccess-1.0.1.jar:/home/manoj/.m2/repository/com/google/guava/listenablefuture/9999.0-empty-to-avoid-conflict-with-guava/listenablefuture-9999.0-empty-to-avoid-conflict-with-guava.jar:/home/manoj/.m2/repository/com/google/code/findbugs/jsr305/3.0.2/jsr305-3.0.2.jar:/home/manoj/.m2/repository/org/checkerframework/checker-qual/3.12.0/checker-qual-3.12.0.jar:/home/manoj/.m2/repository/com/google/errorprone/error_prone_annotations/2.11.0/error_prone_annotations-2.11.0.jar:/home/manoj/.m2/repository/com/google/j2objc/j2objc-annotations/1.3/j2objc-annotations-1.3.jar:/home/manoj/.m2/repository/com/googlecode/owasp-java-html-sanitizer/owasp-java-html-sanitizer/20211018.2/owasp-java-html-sanitizer-20211018.2.jar:/home/manoj/.m2/repository/commons-configuration/commons-configuration/1.10/commons-configuration-1.10.jar:/home/manoj/.m2/repository/commons-lang/commons-lang/2.6/commons-lang-2.6.jar:/home/manoj/.m2/repository/commons-logging/commons-logging/1.1.1/commons-logging-1.1.1.jar:/home/manoj/.m2/repository/io/cucumber/cucumber-java/6.11.0/cucumber-java-6.11.0.jar:/home/manoj/.m2/repository/org/hamcrest/hamcrest-core/2.2/hamcrest-core-2.2.jar:/home/manoj/.m2/repository/org/hamcrest/hamcrest/2.2/hamcrest-2.2.jar:/home/manoj/.m2/repository/io/cucumber/cucumber-gherkin/6.11.0/cucumber-gherkin-6.11.0.jar:/home/manoj/.m2/repository/org/seleniumhq/selenium/selenium-java/3.141.59/selenium-java-3.141.59.jar:/home/manoj/.m2/repository/org/seleniumhq/selenium/selenium-api/3.141.59/selenium-api-3.141.59.jar:/home/manoj/.m2/repository/org/seleniumhq/selenium/selenium-chrome-driver/3.141.59/selenium-chrome-driver-3.141.59.jar:/home/manoj/.m2/repository/org/seleniumhq/selenium/selenium-edge-driver/3.141.59/selenium-edge-driver-3.141.59.jar:/home/manoj/.m2/repository/org/seleniumhq/selenium/selenium-firefox-driver/3.141.59/selenium-firefox-driver-3.141.59.jar:/home/manoj/.m2/repository/org/seleniumhq/selenium/selenium-ie-driver/3.141.59/selenium-ie-driver-3.141.59.jar:/home/manoj/.m2/repository/org/seleniumhq/selenium/selenium-opera-driver/3.141.59/selenium-opera-driver-3.141.59.jar:/home/manoj/.m2/repository/org/seleniumhq/selenium/selenium-remote-driver/3.141.59/selenium-remote-driver-3.141.59.jar:/home/manoj/.m2/repository/org/seleniumhq/selenium/selenium-safari-driver/3.141.59/selenium-safari-driver-3.141.59.jar:/home/manoj/.m2/repository/org/seleniumhq/selenium/selenium-support/3.141.59/selenium-support-3.141.59.jar:/home/manoj/.m2/repository/net/bytebuddy/byte-buddy/1.8.15/byte-buddy-1.8.15.jar:/home/manoj/.m2/repository/org/apache/commons/commons-exec/1.3/commons-exec-1.3.jar:/home/manoj/.m2/repository/com/squareup/okhttp3/okhttp/3.11.0/okhttp-3.11.0.jar:/home/manoj/.m2/repository/com/squareup/okio/okio/1.14.0/okio-1.14.0.jar:/home/manoj/.m2/repository/junit/junit/4.13.2/junit-4.13.2.jar:/home/manoj/.m2/repository/io/github/bonigarcia/webdrivermanager/4.2.2/webdrivermanager-4.2.2.jar:/home/manoj/.m2/repository/com/google/code/gson/gson/2.8.6/gson-2.8.6.jar:/home/manoj/.m2/repository/org/apache/httpcomponents/client5/httpclient5/5.0.1/httpclient5-5.0.1.jar:/home/manoj/.m2/repository/org/apache/httpcomponents/core5/httpcore5/5.0.1/httpcore5-5.0.1.jar:/home/manoj/.m2/repository/org/apache/httpcomponents/core5/httpcore5-h2/5.0.1/httpcore5-h2-5.0.1.jar:/home/manoj/.m2/repository/org/rauschig/jarchivelib/1.1.0/jarchivelib-1.1.0.jar:/home/manoj/.m2/repository/tech/grasshopper/extentreports-cucumber6-adapter/2.11.1/extentreports-cucumber6-adapter-2.11.1.jar:/home/manoj/.m2/repository/com/aventstack/extentreports/5.0.9/extentreports-5.0.9.jar:/home/manoj/.m2/repository/io/reactivex/rxjava3/rxjava/3.0.4/rxjava-3.0.4.jar:/home/manoj/.m2/repository/org/reactivestreams/reactive-streams/1.0.3/reactive-streams-1.0.3.jar:/home/manoj/.m2/repository/org/freemarker/freemarker/2.3.30/freemarker-2.3.30.jar:/home/manoj/.m2/repository/org/projectlombok/lombok/1.18.12/lombok-1.18.12.jar:/home/manoj/.m2/repository/tech/grasshopper/extent-pdf-report/2.5.1/extent-pdf-report-2.5.1.jar:/home/manoj/.m2/repository/tech/grasshopper/cucumber-pdf-report/2.8.1/cucumber-pdf-report-2.8.1.jar:/home/manoj/.m2/repository/org/apache/pdfbox/pdfbox/2.0.26/pdfbox-2.0.26.jar:/home/manoj/.m2/repository/org/apache/pdfbox/fontbox/2.0.26/fontbox-2.0.26.jar:/home/manoj/.m2/repository/org/knowm/xchart/xchart/3.8.0/xchart-3.8.0.jar:/home/manoj/.m2/repository/de/erichseifert/vectorgraphics2d/VectorGraphics2D/0.13/VectorGraphics2D-0.13.jar:/home/manoj/.m2/repository/de/rototor/pdfbox/graphics2d/0.30/graphics2d-0.30.jar:/home/manoj/.m2/repository/com/madgag/animated-gif-lib/1.4/animated-gif-lib-1.4.jar:/home/manoj/.m2/repository/org/yaml/snakeyaml/1.28/snakeyaml-1.28.jar:/home/manoj/.m2/repository/tech/grasshopper/table-layout/1.5.1/table-layout-1.5.1.jar:/home/manoj/.m2/repository/tech/grasshopper/rest-assured-cucumber-pdf-report/1.4.1/rest-assured-cucumber-pdf-report-1.4.1.jar:/home/manoj/.m2/repository/com/aventstack/klov-reporter/5.0.9/klov-reporter-5.0.9.jar:/home/manoj/.m2/repository/org/mongodb/bson/3.6.4/bson-3.6.4.jar:/home/manoj/.m2/repository/org/apache/httpcomponents/httpclient/4.5.13/httpclient-4.5.13.jar:/home/manoj/.m2/repository/org/apache/httpcomponents/httpcore/4.4.13/httpcore-4.4.13.jar:/home/manoj/.m2/repository/org/apache/httpcomponents/httpmime/4.5.13/httpmime-4.5.13.jar:/home/manoj/.m2/repository/tech/grasshopper/htmlextentreporter/1.0.1/htmlextentreporter-1.0.1.jar:/home/manoj/.m2/repository/org/mongodb/mongodb-driver/3.3.0/mongodb-driver-3.3.0.jar:/home/manoj/.m2/repository/org/mongodb/mongodb-driver-core/3.3.0/mongodb-driver-core-3.3.0.jar:/home/manoj/.m2/repository/org/apache/poi/poi/5.2.2/poi-5.2.2.jar:/home/manoj/.m2/repository/commons-codec/commons-codec/1.15/commons-codec-1.15.jar:/home/manoj/.m2/repository/org/apache/commons/commons-collections4/4.4/commons-collections4-4.4.jar:/home/manoj/.m2/repository/org/apache/commons/commons-math3/3.6.1/commons-math3-3.6.1.jar:/home/manoj/.m2/repository/com/zaxxer/SparseBitSet/1.2/SparseBitSet-1.2.jar:/home/manoj/.m2/repository/org/apache/logging/log4j/log4j-api/2.17.2/log4j-api-2.17.2.jar:/home/manoj/.m2/repository/org/apache/poi/poi-ooxml/5.2.2/poi-ooxml-5.2.2.jar:/home/manoj/.m2/repository/org/apache/poi/poi-ooxml-lite/5.2.2/poi-ooxml-lite-5.2.2.jar:/home/manoj/.m2/repository/org/apache/xmlbeans/xmlbeans/5.0.3/xmlbeans-5.0.3.jar:/home/manoj/.m2/repository/xml-apis/xml-apis/1.4.01/xml-apis-1.4.01.jar:/home/manoj/.m2/repository/org/apache/commons/commons-compress/1.21/commons-compress-1.21.jar:/home/manoj/.m2/repository/com/github/virtuald/curvesapi/1.07/curvesapi-1.07.jar:"/>
    <property name="sun.cpu.endian" value="little"/>
    <property name="user.home" value="/home/manoj"/>
    <property name="user.language" value="en"/>
    <property name="java.specification.vendor" value="Oracle Corporation"/>
    <property name="java.home" value="/usr/lib/jvm/java-8-openjdk-amd64/jre"/>
    <property name="basedir" value="/home/manoj/IdeaProjects/HCLSDET"/>
    <property name="file.separator" value="/"/>
    <property name="line.separator" value="&#10;"/>
    <property name="java.vm.specification.vendor" value="Oracle Corporation"/>
    <property name="java.specification.name" value="Java Platform API Specification"/>
    <property name="java.awt.graphicsenv" value="sun.awt.X11GraphicsEnvironment"/>
    <property name="surefire.real.class.path" value="/home/manoj/IdeaProjects/HCLSDET/target/surefire/surefirebooter2532009463244765813.jar"/>
    <property name="sun.boot.class.path" value="/usr/lib/jvm/java-8-openjdk-amd64/jre/lib/resources.jar:/usr/lib/jvm/java-8-openjdk-amd64/jre/lib/rt.jar:/usr/lib/jvm/java-8-openjdk-amd64/jre/lib/sunrsasign.jar:/usr/lib/jvm/java-8-openjdk-amd64/jre/lib/jsse.jar:/usr/lib/jvm/java-8-openjdk-amd64/jre/lib/jce.jar:/usr/lib/jvm/java-8-openjdk-amd64/jre/lib/charsets.jar:/usr/lib/jvm/java-8-openjdk-amd64/jre/lib/jfr.jar:/usr/lib/jvm/java-8-openjdk-amd64/jre/classes"/>
    <property name="sun.management.compiler" value="HotSpot 64-Bit Tiered Compilers"/>
    <property name="java.runtime.version" value="1.8.0_312-8u312-b07-0ubuntu1~18.04-b07"/>
    <property name="user.name" value="manoj"/>
    <property name="path.separator" value=":"/>
    <property name="os.version" value="5.4.0-113-generic"/>
    <property name="java.endorsed.dirs" value="/usr/lib/jvm/java-8-openjdk-amd64/jre/lib/endorsed"/>
    <property name="java.runtime.name" value="OpenJDK Runtime Environment"/>
    <property name="file.encoding" value="UTF-8"/>
    <property name="java.vm.name" value="OpenJDK 64-Bit Server VM"/>
    <property name="localRepository" value="/home/manoj/.m2/repository"/>
    <property name="java.vendor.url.bug" value="http://bugreport.sun.com/bugreport/"/>
    <property name="java.io.tmpdir" value="/tmp"/>
    <property name="java.version" value="1.8.0_312"/>
    <property name="user.dir" value="/home/manoj/IdeaProjects/HCLSDET"/>
    <property name="os.arch" value="amd64"/>
    <property name="java.vm.specification.name" value="Java Virtual Machine Specification"/>
    <property name="java.awt.printerjob" value="sun.print.PSPrinterJob"/>
    <property name="sun.os.patch.level" value="unknown"/>
    <property name="java.library.path" value="/usr/java/packages/lib/amd64:/usr/lib/x86_64-linux-gnu/jni:/lib/x86_64-linux-gnu:/usr/lib/x86_64-linux-gnu:/usr/lib/jni:/lib:/usr/lib"/>
    <property name="java.vm.info" value="mixed mode"/>
    <property name="java.vendor" value="Private Build"/>
    <property name="java.vm.version" value="25.312-b07"/>
    <property name="java.ext.dirs" value="/usr/lib/jvm/java-8-openjdk-amd64/jre/lib/ext:/usr/java/packages/lib/ext"/>
    <property name="sun.io.unicode.encoding" value="UnicodeLittle"/>
    <property name="java.class.version" value="52.0"/>
  </properties>
  <testcase name="Successful Pom Login with Valid Credentials. #1" classname="Pom Login Action with parameter" time="86.108">
    <system-out><![CDATA[
@sanity
Scenario Outline: Successful Pom Login with Valid Credentials.     &amp#27;[90m# src/test/java/Features/pomlogin.feature:13&amp#27;[0m
[DEBUG] Removing resolution firefox=100 from cache (expired on Thu Jun 09 14:45:43 IST 2022)
[DEBUG] Running command on the shell: [firefox, -v]
[DEBUG] Result: Mozilla Firefox 100.0.2
[DEBUG] Resolution firefox100=0.31.0 in cache (valid until 17:46:01 09/06/2022 IST)
[INFO] Using geckodriver 0.31.0 (resolved driver for Firefox 100)
[DEBUG] Storing resolution firefox=100 in cache (valid until 16:00:00 09/06/2022 IST)
[DEBUG] Driver geckodriver 0.31.0 found in cache
[INFO] Exporting webdriver.gecko.driver as /home/manoj/.cache/selenium/geckodriver/linux64/0.31.0/geckodriver
  &amp#27;[32mGiven &amp#27;[0m&amp#27;[32mPom User is on login Page&amp#27;[0m                                  &amp#27;[90m# stepDefinitions.Pomlogin.pom_user_is_on_login_page()&amp#27;[0m
standard_user
secret_sauce
  &amp#27;[32mWhen &amp#27;[0m&amp#27;[32muser verify the data with sheetname &amp#27;[0m&amp#27;[32m&amp#27;[1m"demo"&amp#27;[0m&amp#27;[32m and rownumber &amp#27;[0m&amp#27;[32m&amp#27;[1m0&amp#27;[0m&amp#27;[32m.&amp#27;[0m &amp#27;[90m# stepDefinitions.Pomlogin.user_verify_the_data_with_sheetname_and_rownumber(java.lang.String,java.lang.Integer)&amp#27;[0m
successfully login
  &amp#27;[32mThen &amp#27;[0m&amp#27;[32mdisplayed message Login Successfully&amp#27;[0m                        &amp#27;[90m# stepDefinitions.Pomlogin.displayed_message_login_successfully()&amp#27;[0m
  &amp#27;[32mThen &amp#27;[0m&amp#27;[32mclose browsing window.&amp#27;[0m                                      &amp#27;[90m# stepDefinitions.Pomlogin.close_browsing_window()&amp#27;[0m
]]></system-out>
    <system-err><![CDATA[1654767002043	geckodriver	INFO	Listening on 127.0.0.1:21830
1654767002263	mozrunner::runner	INFO	Running command: "/usr/lib/firefox/firefox" "--marionette" "-no-remote" "-profile" "/tmp/rust_mozprofileRHlAdF"
1654767016474	Marionette	INFO	Marionette enabled
console.error: Region.jsm: "Error fetching region" (new Error("TIMEOUT", "resource://gre/modules/Region.jsm", 772))
console.error: Region.jsm: "Failed to fetch region" (new Error("TIMEOUT", "resource://gre/modules/Region.jsm", 419))
console.warn: SearchSettings: "get: No settings file exists, new profile?" (new NotFoundError("Could not open the file at /tmp/rust_mozprofileRHlAdF/search.json.mozlz4", (void 0)))
1654767053920	Marionette	INFO	Listening on port 39969
Read port: 39969
1654767054693	RemoteAgent	WARN	TLS certificate errors will be ignored for this session
Jun 09, 2022 3:00:56 PM org.openqa.selenium.remote.ProtocolHandshake createSession
INFO: Detected dialect: W3C
ERROR StatusLogger Log4j2 could not find a logging implementation. Please add log4j-core to the classpath. Using SimpleLogger to log to the console...
console.warn: LoginRecipes: "getRecipes: falling back to a synchronous message for:" "https://www.saucedemo.com"
console.warn: LoginRecipes: "getRecipes: falling back to a synchronous message for:" "https://www.saucedemo.com"
JavaScript error: resource://gre/modules/LoginManagerParent.jsm, line 136: TypeError: gRecipeManager is null
1654767075681	Marionette	INFO	Stopped listening on port 39969

###!!! [Parent][PImageBridgeParent] Error: RunMessage(msgname=PImageBridge::Msg_WillClose) Channel closing: too late to send/recv, messages will be lost

]]></system-err>
  </testcase>
  <testcase name="Successful Pom Login with Valid Credentials. #2" classname="Pom Login Action with parameter" time="117.555">
    <system-out><![CDATA[
@sanity
Scenario Outline: Successful Pom Login with Valid Credentials.     &amp#27;[90m# src/test/java/Features/pomlogin.feature:14&amp#27;[0m
[DEBUG] Resolution firefox=100 in cache (valid until 16:00:00 09/06/2022 IST)
[DEBUG] Resolution firefox100=0.31.0 in cache (valid until 17:46:01 09/06/2022 IST)
[INFO] Using geckodriver 0.31.0 (resolved driver for Firefox 100)
[DEBUG] Driver geckodriver 0.31.0 found in cache
[INFO] Exporting webdriver.gecko.driver as /home/manoj/.cache/selenium/geckodriver/linux64/0.31.0/geckodriver
  &amp#27;[32mGiven &amp#27;[0m&amp#27;[32mPom User is on login Page&amp#27;[0m                                  &amp#27;[90m# stepDefinitions.Pomlogin.pom_user_is_on_login_page()&amp#27;[0m
standard_user
secret_sauce
  &amp#27;[32mWhen &amp#27;[0m&amp#27;[32muser verify the data with sheetname &amp#27;[0m&amp#27;[32m&amp#27;[1m"demo"&amp#27;[0m&amp#27;[32m and rownumber &amp#27;[0m&amp#27;[32m&amp#27;[1m1&amp#27;[0m&amp#27;[32m.&amp#27;[0m &amp#27;[90m# stepDefinitions.Pomlogin.user_verify_the_data_with_sheetname_and_rownumber(java.lang.String,java.lang.Integer)&amp#27;[0m
successfully login
  &amp#27;[32mThen &amp#27;[0m&amp#27;[32mdisplayed message Login Successfully&amp#27;[0m                        &amp#27;[90m# stepDefinitions.Pomlogin.displayed_message_login_successfully()&amp#27;[0m
  &amp#27;[32mThen &amp#27;[0m&amp#27;[32mclose browsing window.&amp#27;[0m                                      &amp#27;[90m# stepDefinitions.Pomlogin.close_browsing_window()&amp#27;[0m
]]></system-out>
    <system-err><![CDATA[1654767081571	geckodriver	INFO	Listening on 127.0.0.1:9270
1654767081686	mozrunner::runner	INFO	Running command: "/usr/lib/firefox/firefox" "--marionette" "-no-remote" "-profile" "/tmp/rust_mozprofileX8h4yA"
1654767091594	Marionette	INFO	Marionette enabled
console.warn: SearchSettings: "get: No settings file exists, new profile?" (new NotFoundError("Could not open the file at /tmp/rust_mozprofileX8h4yA/search.json.mozlz4", (void 0)))
1654767105116	Marionette	INFO	Listening on port 45321
Read port: 45321
1654767105139	RemoteAgent	WARN	TLS certificate errors will be ignored for this session
Jun 09, 2022 3:01:45 PM org.openqa.selenium.remote.ProtocolHandshake createSession
INFO: Detected dialect: W3C
console.warn: LoginRecipes: "getRecipes: falling back to a synchronous message for:" "https://www.saucedemo.com"
console.warn: LoginRecipes: "getRecipes: falling back to a synchronous message for:" "https://www.saucedemo.com"
JavaScript error: resource://gre/modules/LoginManagerParent.jsm, line 136: TypeError: gRecipeManager is null
1654767119688	Marionette	INFO	Stopped listening on port 45321
JavaScript error: resource://gre/modules/UrlClassifierListManager.jsm, line 691: TypeError: this.tablesData[table] is undefined
console.log: "RemoteSettingsWorker error: Error: Can't import when we've started shutting down."
console.log: "RemoteSettingsWorker error: Error: Can't import when we've started shutting down."
console.log: "RemoteSettingsWorker error: Error: Can't import when we've started shutting down."
console.log: "RemoteSettingsWorker error: Error: Can't import when we've started shutting down."
console.log: "RemoteSettingsWorker error: Error: Can't import when we've started shutting down."
console.log: "RemoteSettingsWorker error: Error: Can't import when we've started shutting down."
JavaScript error: resource://gre/modules/AsyncShutdown.jsm, line 718: Error: Phase "profile-before-change" is finished, it is too late to register completion condition "DoHController: clear state and remove observers"
JavaScript error: resource://gre/modules/CrashManager.jsm, line 898: AbortError: IOUtils: Shutting down and refusing additional I/O tasks
]]></system-err>
  </testcase>
  <testcase name="Successful Pom Login with Valid Credentials. #3" classname="Pom Login Action with parameter" time="79.52">
    <system-out><![CDATA[
@sanity
Scenario Outline: Successful Pom Login with Valid Credentials.     &amp#27;[90m# src/test/java/Features/pomlogin.feature:15&amp#27;[0m
[DEBUG] Resolution firefox=100 in cache (valid until 16:00:00 09/06/2022 IST)
[DEBUG] Resolution firefox100=0.31.0 in cache (valid until 17:46:01 09/06/2022 IST)
[INFO] Using geckodriver 0.31.0 (resolved driver for Firefox 100)
[DEBUG] Driver geckodriver 0.31.0 found in cache
[INFO] Exporting webdriver.gecko.driver as /home/manoj/.cache/selenium/geckodriver/linux64/0.31.0/geckodriver
  &amp#27;[32mGiven &amp#27;[0m&amp#27;[32mPom User is on login Page&amp#27;[0m                                  &amp#27;[90m# stepDefinitions.Pomlogin.pom_user_is_on_login_page()&amp#27;[0m
standard_user
secret_sauce
  &amp#27;[32mWhen &amp#27;[0m&amp#27;[32muser verify the data with sheetname &amp#27;[0m&amp#27;[32m&amp#27;[1m"demo"&amp#27;[0m&amp#27;[32m and rownumber &amp#27;[0m&amp#27;[32m&amp#27;[1m2&amp#27;[0m&amp#27;[32m.&amp#27;[0m &amp#27;[90m# stepDefinitions.Pomlogin.user_verify_the_data_with_sheetname_and_rownumber(java.lang.String,java.lang.Integer)&amp#27;[0m
successfully login
  &amp#27;[32mThen &amp#27;[0m&amp#27;[32mdisplayed message Login Successfully&amp#27;[0m                        &amp#27;[90m# stepDefinitions.Pomlogin.displayed_message_login_successfully()&amp#27;[0m
  &amp#27;[32mThen &amp#27;[0m&amp#27;[32mclose browsing window.&amp#27;[0m                                      &amp#27;[90m# stepDefinitions.Pomlogin.close_browsing_window()&amp#27;[0m
]]></system-out>
    <system-err><![CDATA[Cleaning up unclosed ZipFile for archive /home/manoj/Documents/demo.xlsx
1654767206745	geckodriver	INFO	Listening on 127.0.0.1:9515
1654767207773	mozrunner::runner	INFO	Running command: "/usr/lib/firefox/firefox" "--marionette" "-no-remote" "-profile" "/tmp/rust_mozprofileINvXhz"
1654767230012	Marionette	INFO	Marionette enabled
console.error: Region.jsm: "Error fetching region" (new Error("TIMEOUT", "resource://gre/modules/Region.jsm", 772))
console.error: Region.jsm: "Failed to fetch region" (new Error("TIMEOUT", "resource://gre/modules/Region.jsm", 419))
console.warn: SearchSettings: "get: No settings file exists, new profile?" (new NotFoundError("Could not open the file at /tmp/rust_mozprofileINvXhz/search.json.mozlz4", (void 0)))
1654767261162	Marionette	INFO	Listening on port 42513
Read port: 42513
1654767261829	RemoteAgent	WARN	TLS certificate errors will be ignored for this session
Jun 09, 2022 3:04:22 PM org.openqa.selenium.remote.ProtocolHandshake createSession
INFO: Detected dialect: W3C
console.warn: LoginRecipes: "getRecipes: falling back to a synchronous message for:" "https://www.saucedemo.com"
console.warn: LoginRecipes: "getRecipes: falling back to a synchronous message for:" "https://www.saucedemo.com"
JavaScript error: resource://gre/modules/LoginManagerParent.jsm, line 136: TypeError: gRecipeManager is null
1654767273230	Marionette	INFO	Stopped listening on port 42513
JavaScript error: resource://gre/modules/UrlClassifierListManager.jsm, line 691: TypeError: this.tablesData[table] is undefined
console.warn: SearchService: "_init: abandoning init due to shutting down"
JavaScript error: , line 0: uncaught exception: 2147500036
JavaScript error: , line 0: uncaught exception: 2147500036
JavaScript error: , line 0: uncaught exception: 2147500036
JavaScript error: , line 0: uncaught exception: 2147500036
JavaScript error: , line 0: uncaught exception: 2147500036
JavaScript error: , line 0: uncaught exception: 2147500036
JavaScript error: , line 0: uncaught exception: 2147500036
]]></system-err>
  </testcase>
</testsuite>